2025-04-16 09:50:27,621 - cammer_logger - INFO - Running CAMmer
2025-04-16 09:50:27,623 - cammer_logger - INFO - ['-l', 'F.Cu,In1.Cu,In2.Cu,B.Cu,F.Paste,B.Paste,F.Silkscreen,B.Silkscreen,F.Mask,B.Mask', '-e', 'Edge.Cuts,User.Comments']
2025-04-16 09:50:27,623 - cammer_logger - INFO - CAMMER START: 2025-04-16T09:50:27.623842
2025-04-16 09:50:33,574 - cammer_logger - INFO - Running CAMmer
2025-04-16 09:50:33,574 - cammer_logger - INFO - ['-l', 'F.Cu,In1.Cu,In2.Cu,B.Cu,F.Paste,B.Paste,F.Silkscreen,B.Silkscreen,F.Mask,B.Mask', '-e', 'Edge.Cuts,User.Comments']
2025-04-16 09:50:33,575 - cammer_logger - INFO - CAMMER START: 2025-04-16T09:50:33.575427
2025-04-16 09:50:40,109 - cammer_logger - INFO - Running CAMmer
2025-04-16 09:50:40,110 - cammer_logger - INFO - ['-l', 'F.Cu,In1.Cu,In2.Cu,B.Cu,F.Paste,B.Paste,F.Silkscreen,B.Silkscreen,F.Mask,B.Mask', '-e', 'Edge.Cuts,User.Comments']
2025-04-16 09:50:40,111 - cammer_logger - INFO - CAMMER START: 2025-04-16T09:50:40.111330
2025-04-16 09:50:42,868 - cammer_logger - INFO - 
START: 2025-04-16T09:50:40.111330
Board saved by user.
Zones filled by CAMmer.
Deleting existing C:/Users/nathan.seidle/Dropbox/Projects/SparkFun_GNSS_ZED-X20P/Hardware/SparkFun_GNSS_ZED-X20P.GTL
Renaming C:/Users/nathan.seidle/Dropbox/Projects/SparkFun_GNSS_ZED-X20P/Hardware/SparkFun_GNSS_ZED-X20P-F_Cu.gbr to C:/Users/nathan.seidle/Dropbox/Projects/SparkFun_GNSS_ZED-X20P/Hardware/SparkFun_GNSS_ZED-X20P.GTL
Renaming C:/Users/nathan.seidle/Dropbox/Projects/SparkFun_GNSS_ZED-X20P/Hardware/SparkFun_GNSS_ZED-X20P-In1_Cu.gbr to C:/Users/nathan.seidle/Dropbox/Projects/SparkFun_GNSS_ZED-X20P/Hardware/SparkFun_GNSS_ZED-X20P.GL2
Renaming C:/Users/nathan.seidle/Dropbox/Projects/SparkFun_GNSS_ZED-X20P/Hardware/SparkFun_GNSS_ZED-X20P-In2_Cu.gbr to C:/Users/nathan.seidle/Dropbox/Projects/SparkFun_GNSS_ZED-X20P/Hardware/SparkFun_GNSS_ZED-X20P.GL3
Deleting existing C:/Users/nathan.seidle/Dropbox/Projects/SparkFun_GNSS_ZED-X20P/Hardware/SparkFun_GNSS_ZED-X20P.GBL
Renaming C:/Users/nathan.seidle/Dropbox/Projects/SparkFun_GNSS_ZED-X20P/Hardware/SparkFun_GNSS_ZED-X20P-B_Cu.gbr to C:/Users/nathan.seidle/Dropbox/Projects/SparkFun_GNSS_ZED-X20P/Hardware/SparkFun_GNSS_ZED-X20P.GBL
Deleting existing C:/Users/nathan.seidle/Dropbox/Projects/SparkFun_GNSS_ZED-X20P/Hardware/SparkFun_GNSS_ZED-X20P.GTP
Renaming C:/Users/nathan.seidle/Dropbox/Projects/SparkFun_GNSS_ZED-X20P/Hardware/SparkFun_GNSS_ZED-X20P-F_Paste.gbr to C:/Users/nathan.seidle/Dropbox/Projects/SparkFun_GNSS_ZED-X20P/Hardware/SparkFun_GNSS_ZED-X20P.GTP
Deleting existing C:/Users/nathan.seidle/Dropbox/Projects/SparkFun_GNSS_ZED-X20P/Hardware/SparkFun_GNSS_ZED-X20P.GBP
Renaming C:/Users/nathan.seidle/Dropbox/Projects/SparkFun_GNSS_ZED-X20P/Hardware/SparkFun_GNSS_ZED-X20P-B_Paste.gbr to C:/Users/nathan.seidle/Dropbox/Projects/SparkFun_GNSS_ZED-X20P/Hardware/SparkFun_GNSS_ZED-X20P.GBP
Deleting existing C:/Users/nathan.seidle/Dropbox/Projects/SparkFun_GNSS_ZED-X20P/Hardware/SparkFun_GNSS_ZED-X20P.GTO
Renaming C:/Users/nathan.seidle/Dropbox/Projects/SparkFun_GNSS_ZED-X20P/Hardware/SparkFun_GNSS_ZED-X20P-F_Silkscreen.gbr to C:/Users/nathan.seidle/Dropbox/Projects/SparkFun_GNSS_ZED-X20P/Hardware/SparkFun_GNSS_ZED-X20P.GTO
Deleting existing C:/Users/nathan.seidle/Dropbox/Projects/SparkFun_GNSS_ZED-X20P/Hardware/SparkFun_GNSS_ZED-X20P.GBO
Renaming C:/Users/nathan.seidle/Dropbox/Projects/SparkFun_GNSS_ZED-X20P/Hardware/SparkFun_GNSS_ZED-X20P-B_Silkscreen.gbr to C:/Users/nathan.seidle/Dropbox/Projects/SparkFun_GNSS_ZED-X20P/Hardware/SparkFun_GNSS_ZED-X20P.GBO
Deleting existing C:/Users/nathan.seidle/Dropbox/Projects/SparkFun_GNSS_ZED-X20P/Hardware/SparkFun_GNSS_ZED-X20P.GTS
Renaming C:/Users/nathan.seidle/Dropbox/Projects/SparkFun_GNSS_ZED-X20P/Hardware/SparkFun_GNSS_ZED-X20P-F_Mask.gbr to C:/Users/nathan.seidle/Dropbox/Projects/SparkFun_GNSS_ZED-X20P/Hardware/SparkFun_GNSS_ZED-X20P.GTS
Deleting existing C:/Users/nathan.seidle/Dropbox/Projects/SparkFun_GNSS_ZED-X20P/Hardware/SparkFun_GNSS_ZED-X20P.GBS
Renaming C:/Users/nathan.seidle/Dropbox/Projects/SparkFun_GNSS_ZED-X20P/Hardware/SparkFun_GNSS_ZED-X20P-B_Mask.gbr to C:/Users/nathan.seidle/Dropbox/Projects/SparkFun_GNSS_ZED-X20P/Hardware/SparkFun_GNSS_ZED-X20P.GBS
Deleting existing C:/Users/nathan.seidle/Dropbox/Projects/SparkFun_GNSS_ZED-X20P/Hardware/SparkFun_GNSS_ZED-X20P.GKO
Renaming C:/Users/nathan.seidle/Dropbox/Projects/SparkFun_GNSS_ZED-X20P/Hardware/SparkFun_GNSS_ZED-X20P-Edge_Cuts.gbr to C:/Users/nathan.seidle/Dropbox/Projects/SparkFun_GNSS_ZED-X20P/Hardware/SparkFun_GNSS_ZED-X20P.GKO
Drill report: C:\Users\nathan.seidle\Dropbox\Projects\SparkFun_GNSS_ZED-X20P\Hardware\drill_report.rpt

2025-04-16 09:50:44,041 - cammer_logger - INFO - CAMmer complete
