2025-04-24 15:23:18,027 - cammer_logger - INFO - Running CAMmer
2025-04-24 15:23:18,028 - cammer_logger - INFO - ['-l', 'F.Cu,In1.Cu,In2.Cu,B.Cu,F.Paste,B.Paste,F.Silkscreen,B.Silkscreen,F.Mask,B.Mask', '-e', 'Edge.Cuts,User.Comments']
2025-04-24 15:23:18,029 - cammer_logger - INFO - CAMMER START: 2025-04-24T15:23:18.029600
2025-04-24 15:23:21,548 - cammer_logger - INFO - 
START: 2025-04-24T15:23:18.029600
Board saved by user.
Zones filled by CAMmer.
Renaming C:\Users\nathan.seidle\Dropbox\Projects\SparkFun_GNSS_ZED-X20P\Hardware\Production\SparkFun_GNSS_ZED-X20P_panelized-F_Cu.gbr to C:\Users\nathan.seidle\Dropbox\Projects\SparkFun_GNSS_ZED-X20P\Hardware\Production\SparkFun_GNSS_ZED-X20P_panelized.GTL
Renaming C:\Users\nathan.seidle\Dropbox\Projects\SparkFun_GNSS_ZED-X20P\Hardware\Production\SparkFun_GNSS_ZED-X20P_panelized-In1_Cu.gbr to C:\Users\nathan.seidle\Dropbox\Projects\SparkFun_GNSS_ZED-X20P\Hardware\Production\SparkFun_GNSS_ZED-X20P_panelized.GL2
Renaming C:\Users\nathan.seidle\Dropbox\Projects\SparkFun_GNSS_ZED-X20P\Hardware\Production\SparkFun_GNSS_ZED-X20P_panelized-In2_Cu.gbr to C:\Users\nathan.seidle\Dropbox\Projects\SparkFun_GNSS_ZED-X20P\Hardware\Production\SparkFun_GNSS_ZED-X20P_panelized.GL3
Renaming C:\Users\nathan.seidle\Dropbox\Projects\SparkFun_GNSS_ZED-X20P\Hardware\Production\SparkFun_GNSS_ZED-X20P_panelized-B_Cu.gbr to C:\Users\nathan.seidle\Dropbox\Projects\SparkFun_GNSS_ZED-X20P\Hardware\Production\SparkFun_GNSS_ZED-X20P_panelized.GBL
Renaming C:\Users\nathan.seidle\Dropbox\Projects\SparkFun_GNSS_ZED-X20P\Hardware\Production\SparkFun_GNSS_ZED-X20P_panelized-F_Paste.gbr to C:\Users\nathan.seidle\Dropbox\Projects\SparkFun_GNSS_ZED-X20P\Hardware\Production\SparkFun_GNSS_ZED-X20P_panelized.GTP
Renaming C:\Users\nathan.seidle\Dropbox\Projects\SparkFun_GNSS_ZED-X20P\Hardware\Production\SparkFun_GNSS_ZED-X20P_panelized-B_Paste.gbr to C:\Users\nathan.seidle\Dropbox\Projects\SparkFun_GNSS_ZED-X20P\Hardware\Production\SparkFun_GNSS_ZED-X20P_panelized.GBP
Renaming C:\Users\nathan.seidle\Dropbox\Projects\SparkFun_GNSS_ZED-X20P\Hardware\Production\SparkFun_GNSS_ZED-X20P_panelized-F_Silkscreen.gbr to C:\Users\nathan.seidle\Dropbox\Projects\SparkFun_GNSS_ZED-X20P\Hardware\Production\SparkFun_GNSS_ZED-X20P_panelized.GTO
Renaming C:\Users\nathan.seidle\Dropbox\Projects\SparkFun_GNSS_ZED-X20P\Hardware\Production\SparkFun_GNSS_ZED-X20P_panelized-B_Silkscreen.gbr to C:\Users\nathan.seidle\Dropbox\Projects\SparkFun_GNSS_ZED-X20P\Hardware\Production\SparkFun_GNSS_ZED-X20P_panelized.GBO
Renaming C:\Users\nathan.seidle\Dropbox\Projects\SparkFun_GNSS_ZED-X20P\Hardware\Production\SparkFun_GNSS_ZED-X20P_panelized-F_Mask.gbr to C:\Users\nathan.seidle\Dropbox\Projects\SparkFun_GNSS_ZED-X20P\Hardware\Production\SparkFun_GNSS_ZED-X20P_panelized.GTS
Renaming C:\Users\nathan.seidle\Dropbox\Projects\SparkFun_GNSS_ZED-X20P\Hardware\Production\SparkFun_GNSS_ZED-X20P_panelized-B_Mask.gbr to C:\Users\nathan.seidle\Dropbox\Projects\SparkFun_GNSS_ZED-X20P\Hardware\Production\SparkFun_GNSS_ZED-X20P_panelized.GBS
Renaming C:\Users\nathan.seidle\Dropbox\Projects\SparkFun_GNSS_ZED-X20P\Hardware\Production\SparkFun_GNSS_ZED-X20P_panelized-Edge_Cuts.gbr to C:\Users\nathan.seidle\Dropbox\Projects\SparkFun_GNSS_ZED-X20P\Hardware\Production\SparkFun_GNSS_ZED-X20P_panelized.GKO
Drill report: C:\Users\nathan.seidle\Dropbox\Projects\SparkFun_GNSS_ZED-X20P\Hardware\Production\drill_report.rpt

2025-04-24 15:23:22,776 - cammer_logger - INFO - CAMmer complete
