Drill report for SparkFun_GNSS_ZED-X20P_panelized.kicad_pcb
Created on 2025-04-24T15:23:21-0600

Copper Layer Stackup:
    =============================================================
    L1 :  F.Cu                      front
    L2 :  L2.Cu                     in1
    L3 :  L3.Cu                     in2
    L4 :  B.Cu                      back


Drill file 'SparkFun_GNSS_ZED-X20P_panelized.drl' contains
    plated through holes:
    =============================================================
    T1  0.300mm  0.0118"  (1458 holes)
    T2  0.600mm  0.0236"  (36 holes)  (with 36 slots)
    T3  1.016mm  0.0400"  (225 holes)

    Total plated holes count 1719


Not plated through holes are merged with plated holes
    unplated through holes:
    =============================================================
    T4  0.650mm  0.0256"  (18 holes)
    T5  3.100mm  0.1220"  (36 holes)

    Total unplated holes count 54
